<?xml version="1.0" encoding="UTF-8"?>
<!-- Generated by org.testng.reporters.JUnitReportReporter -->
<testsuite skipped="0" hostname="ChristiansSamsung" name="com.syntax.practice.ExcelDemo" tests="1" failures="0" timestamp="15 Jun 2019 21:44:21 GMT" time="2.611" errors="0">
  <testcase name="readExcel" time="2.611" classname="com.syntax.practice.ExcelDemo"/>
</testsuite> <!-- com.syntax.practice.ExcelDemo -->
