<?xml version="1.0" encoding="UTF-8"?>
<!-- Generated by org.testng.reporters.JUnitReportReporter -->
<testsuite skipped="0" hostname="ChristiansSamsung" name="com.syntax.utils.BaseClass" tests="1" failures="0" timestamp="15 Jun 2019 16:05:55 GMT" time="4.288" errors="0">
  <testcase name="setUp" time="4.288" classname="com.syntax.utils.BaseClass"/>
</testsuite> <!-- com.syntax.utils.BaseClass -->
