<?xml version="1.0" encoding="UTF-8"?>
<!-- Generated by org.testng.reporters.JUnitReportReporter -->
<testsuite skipped="0" hostname="ChristiansSamsung" name="com.syntax.practice.ArrayReview" tests="1" failures="0" timestamp="16 Jun 2019 03:38:56 GMT" time="0.014" errors="0">
  <testcase name="testing" time="0.014" classname="com.syntax.practice.ArrayReview"/>
</testsuite> <!-- com.syntax.practice.ArrayReview -->
