<?xml version="1.0" encoding="UTF-8"?>
<!-- Generated by org.testng.reporters.JUnitReportReporter -->
<testsuite skipped="0" hostname="ChristiansSamsung" name="com.syntax.practice.ExcelReview" tests="1" failures="0" timestamp="16 Jun 2019 03:40:28 GMT" time="0.957" errors="0">
  <testcase name="readExcel" time="0.957" classname="com.syntax.practice.ExcelReview"/>
</testsuite> <!-- com.syntax.practice.ExcelReview -->
