<?xml version="1.0" encoding="UTF-8"?>
<!-- Generated by org.testng.reporters.JUnitReportReporter -->
<testsuite skipped="0" hostname="ChristiansSamsung" name="com.syntax.practice.ExcelWriteDemo" tests="1" failures="0" timestamp="16 Jun 2019 03:41:13 GMT" time="2.294" errors="0">
  <testcase name="writeExcel" time="2.294" classname="com.syntax.practice.ExcelWriteDemo"/>
</testsuite> <!-- com.syntax.practice.ExcelWriteDemo -->
