<?xml version="1.0" encoding="UTF-8"?>
<!-- Generated by org.testng.reporters.JUnitReportReporter -->
<testsuite skipped="0" hostname="ChristiansSamsung" name="com.syntax.practice.ExcelFunctionsTest" tests="1" failures="0" timestamp="16 Jun 2019 03:39:31 GMT" time="1.182" errors="0">
  <testcase name="excelTest" time="1.182" classname="com.syntax.practice.ExcelFunctionsTest"/>
</testsuite> <!-- com.syntax.practice.ExcelFunctionsTest -->
